<?xml version="1.0" encoding="UTF-8"?>
<!-- Generated by org.testng.reporters.JUnitXMLReporter -->
<testsuite ignored="4" hostname="LAPTOP-EP6OBCTN" failures="0" tests="2" name="Test" time="0.08" errors="0" timestamp="2022-12-03T19:25:23 IST">
  <testcase classname="vTiger.Practice.TestClassPractice" name="test1" time="0.008"/>
  <testcase classname="vTiger.Practice.TestClassPractice2" name="test2" time="0.002"/>
  <testcase classname="vTiger.Practice.BC1" name="@BeforeTest BeforeTestMethod" time="0.0">
    <ignored/>
  </testcase> <!-- @BeforeTest BeforeTestMethod -->
  <testcase classname="vTiger.Practice.BC1" name="@AfterTest AfterTestMethod" time="0.0">
    <ignored/>
  </testcase> <!-- @AfterTest AfterTestMethod -->
  <testcase classname="vTiger.Practice.BC1" name="@AfterSuite AfterSuiteMethod" time="0.0">
    <ignored/>
  </testcase> <!-- @AfterSuite AfterSuiteMethod -->
  <testcase classname="vTiger.Practice.BC1" name="@BeforeSuite BeforeSuiteMethod" time="0.0">
    <ignored/>
  </testcase> <!-- @BeforeSuite BeforeSuiteMethod -->
</testsuite> <!-- Test -->
