<?xml version="1.0" encoding="UTF-8"?>
<testng-results ignored="0" total="1" passed="1" failed="0" skipped="0">
  <reporter-output>
  </reporter-output>
  <suite started-at="2022-12-12T17:33:22 IST" name="Default suite" finished-at="2022-12-12T17:33:22 IST" duration-ms="69">
    <groups>
    </groups>
    <test started-at="2022-12-12T17:33:22 IST" name="Default test" finished-at="2022-12-12T17:33:22 IST" duration-ms="69">
      <class name="vTiger.Practice.PracticeData">
        <test-method signature="readData()[pri:0, instance:vTiger.Practice.PracticeData@73e22a3d]" started-at="2022-12-12T17:33:22 IST" name="readData" finished-at="2022-12-12T17:33:22 IST" duration-ms="11" status="PASS">
          <reporter-output>
          </reporter-output>
        </test-method> <!-- readData -->
      </class> <!-- vTiger.Practice.PracticeData -->
    </test> <!-- Default test -->
  </suite> <!-- Default suite -->
</testng-results>
